
======================================================================
[Tue Jun 07 2016 21:59:17 GMT+0530 (India Standard Time)]
Error
   
 at HTMLDivElement.<anonymous> (file:///C:/Users/vk831222/Desktop/TitanSuites/nwjs-v0.12.2-win-ia32/FSD%20BEANS/scripts/fsd.js:378:20)
   
 at HTMLBodyElement.st.event.dispatch (file:///C:/Users/vk831222/Desktop/TitanSuites/nwjs-v0.12.2-win-ia32/FSD%20BEANS/scripts/lib/jquery-1.9.0-min.js:2:5418)
   
 at HTMLBodyElement.st.event.add.y.handle (file:///C:/Users/vk831222/Desktop/TitanSuites/nwjs-v0.12.2-win-ia32/FSD%20BEANS/scripts/lib/jquery-1.9.0-min.js:2:2133)
======================================================================
[Tue Jun 07 2016 22:02:27 GMT+0530 (India Standard Time)]
Error
   
 at HTMLDivElement.<anonymous> (file:///C:/Users/vk831222/Desktop/TitanSuites/nwjs-v0.12.2-win-ia32/FSD%20BEANS/scripts/fsd.js:378:20)
   
 at HTMLBodyElement.st.event.dispatch (file:///C:/Users/vk831222/Desktop/TitanSuites/nwjs-v0.12.2-win-ia32/FSD%20BEANS/scripts/lib/jquery-1.9.0-min.js:2:5418)
   
 at HTMLBodyElement.st.event.add.y.handle (file:///C:/Users/vk831222/Desktop/TitanSuites/nwjs-v0.12.2-win-ia32/FSD%20BEANS/scripts/lib/jquery-1.9.0-min.js:2:2133)
======================================================================
[Wed Mar 21 2018 15:17:56 GMT+0530 (India Standard Time)]
TypeError: Cannot read property 'value' of undefined
   
 at Feed.doCalc (chrome-extension://bmggelhbgnngphanaoafonacodkiiojh/scripts/beans/FeedBean.js:19:73)
   
 at Feed.setInput (chrome-extension://bmggelhbgnngphanaoafonacodkiiojh/scripts/beans/FeedBean.js:14:10)
   
 at Pump.setOutput (chrome-extension://bmggelhbgnngphanaoafonacodkiiojh/scripts/beans/PumpBean.js:47:22)
   
 at Pump.doCalc (chrome-extension://bmggelhbgnngphanaoafonacodkiiojh/scripts/beans/PumpBean.js:38:10)
   
 at Pump.setInput (chrome-extension://bmggelhbgnngphanaoafonacodkiiojh/scripts/beans/PumpBean.js:14:10)
   
 at Pump.<anonymous> (chrome-extension://bmggelhbgnngphanaoafonacodkiiojh/scripts/fsd.js:389:16)
   
 at Function.st.extend.each (chrome-extension://bmggelhbgnngphanaoafonacodkiiojh/scripts/lib/jquery-1.9.0-min.js:1:15879)
   
 at HTMLDivElement.<anonymous> (chrome-extension://bmggelhbgnngphanaoafonacodkiiojh/scripts/fsd.js:387:10)
   
 at HTMLBodyElement.st.event.dispatch (chrome-extension://bmggelhbgnngphanaoafonacodkiiojh/scripts/lib/jquery-1.9.0-min.js:2:5418)
   
 at HTMLBodyElement.y.handle (chrome-extension://bmggelhbgnngphanaoafonacodkiiojh/scripts/lib/jquery-1.9.0-min.js:2:2126)
======================================================================
[Wed Mar 21 2018 15:26:54 GMT+0530 (India Standard Time)]
TypeError: Cannot read property 'value' of undefined
   
 at CF.doCalc (chrome-extension://bmggelhbgnngphanaoafonacodkiiojh/scripts/beans/CFBean.js:22:62)
   
 at CF.setInput (chrome-extension://bmggelhbgnngphanaoafonacodkiiojh/scripts/beans/CFBean.js:17:10)
   
 at CF.<anonymous> (chrome-extension://bmggelhbgnngphanaoafonacodkiiojh/scripts/fsd.js:389:16)
   
 at Function.st.extend.each (chrome-extension://bmggelhbgnngphanaoafonacodkiiojh/scripts/lib/jquery-1.9.0-min.js:1:15879)
   
 at HTMLDivElement.<anonymous> (chrome-extension://bmggelhbgnngphanaoafonacodkiiojh/scripts/fsd.js:387:10)
   
 at HTMLBodyElement.st.event.dispatch (chrome-extension://bmggelhbgnngphanaoafonacodkiiojh/scripts/lib/jquery-1.9.0-min.js:2:5418)
   
 at HTMLBodyElement.y.handle (chrome-extension://bmggelhbgnngphanaoafonacodkiiojh/scripts/lib/jquery-1.9.0-min.js:2:2126)
======================================================================
[Wed Mar 21 2018 15:43:37 GMT+0530 (India Standard Time)]
TypeError: Cannot read property 'value' of undefined
   
 at Feed.doCalc (chrome-extension://bmggelhbgnngphanaoafonacodkiiojh/scripts/beans/FeedBean.js:19:73)
   
 at Feed.setInput (chrome-extension://bmggelhbgnngphanaoafonacodkiiojh/scripts/beans/FeedBean.js:14:10)
   
 at Feed.<anonymous> (chrome-extension://bmggelhbgnngphanaoafonacodkiiojh/scripts/fsd.js:389:16)
   
 at Function.st.extend.each (chrome-extension://bmggelhbgnngphanaoafonacodkiiojh/scripts/lib/jquery-1.9.0-min.js:1:15879)
   
 at HTMLDivElement.<anonymous> (chrome-extension://bmggelhbgnngphanaoafonacodkiiojh/scripts/fsd.js:387:10)
   
 at HTMLBodyElement.st.event.dispatch (chrome-extension://bmggelhbgnngphanaoafonacodkiiojh/scripts/lib/jquery-1.9.0-min.js:2:5418)
   
 at HTMLBodyElement.y.handle (chrome-extension://bmggelhbgnngphanaoafonacodkiiojh/scripts/lib/jquery-1.9.0-min.js:2:2126)
======================================================================
[Wed Mar 21 2018 15:43:44 GMT+0530 (India Standard Time)]
TypeError: Cannot read property 'value' of undefined
   
 at Feed.doCalc (chrome-extension://bmggelhbgnngphanaoafonacodkiiojh/scripts/beans/FeedBean.js:19:73)
   
 at Feed.setInput (chrome-extension://bmggelhbgnngphanaoafonacodkiiojh/scripts/beans/FeedBean.js:14:10)
   
 at Feed.<anonymous> (chrome-extension://bmggelhbgnngphanaoafonacodkiiojh/scripts/fsd.js:389:16)
   
 at Function.st.extend.each (chrome-extension://bmggelhbgnngphanaoafonacodkiiojh/scripts/lib/jquery-1.9.0-min.js:1:15879)
   
 at HTMLDivElement.<anonymous> (chrome-extension://bmggelhbgnngphanaoafonacodkiiojh/scripts/fsd.js:387:10)
   
 at HTMLBodyElement.st.event.dispatch (chrome-extension://bmggelhbgnngphanaoafonacodkiiojh/scripts/lib/jquery-1.9.0-min.js:2:5418)
   
 at HTMLBodyElement.y.handle (chrome-extension://bmggelhbgnngphanaoafonacodkiiojh/scripts/lib/jquery-1.9.0-min.js:2:2126)
======================================================================
[Wed Mar 21 2018 15:51:11 GMT+0530 (India Standard Time)]
TypeError: Cannot read property 'value' of undefined
   
 at Feed.doCalc (chrome-extension://bmggelhbgnngphanaoafonacodkiiojh/scripts/beans/FeedBean.js:19:73)
   
 at Feed.setInput (chrome-extension://bmggelhbgnngphanaoafonacodkiiojh/scripts/beans/FeedBean.js:14:10)
   
 at Feed.<anonymous> (chrome-extension://bmggelhbgnngphanaoafonacodkiiojh/scripts/fsd.js:389:16)
   
 at Function.st.extend.each (chrome-extension://bmggelhbgnngphanaoafonacodkiiojh/scripts/lib/jquery-1.9.0-min.js:1:15879)
   
 at HTMLDivElement.<anonymous> (chrome-extension://bmggelhbgnngphanaoafonacodkiiojh/scripts/fsd.js:387:10)
   
 at HTMLBodyElement.st.event.dispatch (chrome-extension://bmggelhbgnngphanaoafonacodkiiojh/scripts/lib/jquery-1.9.0-min.js:2:5418)
   
 at HTMLBodyElement.y.handle (chrome-extension://bmggelhbgnngphanaoafonacodkiiojh/scripts/lib/jquery-1.9.0-min.js:2:2126)